<?xml version="1.0" encoding="UTF-8"?>
<testng-results skipped="0" failed="0" total="1" passed="1">
  <reporter-output>
  </reporter-output>
  <suite name="Default suite" duration-ms="20192" started-at="2018-01-17T21:04:41Z" finished-at="2018-01-17T21:05:01Z">
    <groups>
    </groups>
    <test name="Default test" duration-ms="20192" started-at="2018-01-17T21:04:41Z" finished-at="2018-01-17T21:05:01Z">
      <class name="com.example.FirstAppiumTest">
        <test-method status="PASS" signature="setup()[pri:0, instance:com.example.FirstAppiumTest@ae45eb6]" name="setup" is-config="true" duration-ms="12226" started-at="2018-01-17T22:04:41Z" finished-at="2018-01-17T22:04:53Z">
          <reporter-output>
          </reporter-output>
        </test-method> <!-- setup -->
        <test-method status="PASS" signature="SimpleTest()[pri:0, instance:com.example.FirstAppiumTest@ae45eb6]" name="SimpleTest" duration-ms="5592" started-at="2018-01-17T22:04:53Z" finished-at="2018-01-17T22:04:59Z">
          <reporter-output>
          </reporter-output>
        </test-method> <!-- SimpleTest -->
        <test-method status="PASS" signature="tearDown()[pri:0, instance:com.example.FirstAppiumTest@ae45eb6]" name="tearDown" is-config="true" duration-ms="2352" started-at="2018-01-17T22:04:59Z" finished-at="2018-01-17T22:05:01Z">
          <reporter-output>
          </reporter-output>
        </test-method> <!-- tearDown -->
      </class> <!-- com.example.FirstAppiumTest -->
    </test> <!-- Default test -->
  </suite> <!-- Default suite -->
</testng-results>
